mode: set
github.com/juanrossi/hbonline/server/internal/game/combat.go:19.65,22.20 2 1
github.com/juanrossi/hbonline/server/internal/game/combat.go:22.20,24.3 1 0
github.com/juanrossi/hbonline/server/internal/game/combat.go:25.2,25.20 1 1
github.com/juanrossi/hbonline/server/internal/game/combat.go:25.20,27.3 1 0
github.com/juanrossi/hbonline/server/internal/game/combat.go:29.2,30.22 2 1
github.com/juanrossi/hbonline/server/internal/game/combat.go:30.22,32.3 1 1
github.com/juanrossi/hbonline/server/internal/game/combat.go:35.2,37.21 3 1
github.com/juanrossi/hbonline/server/internal/game/combat.go:37.21,39.3 1 1
github.com/juanrossi/hbonline/server/internal/game/combat.go:41.2,46.30 4 1
github.com/juanrossi/hbonline/server/internal/game/combat.go:46.30,48.3 1 0
github.com/juanrossi/hbonline/server/internal/game/combat.go:49.2,50.16 2 1
github.com/juanrossi/hbonline/server/internal/game/combat.go:50.16,52.3 1 0
github.com/juanrossi/hbonline/server/internal/game/combat.go:55.2,56.25 2 1
github.com/juanrossi/hbonline/server/internal/game/combat.go:56.25,59.3 2 1
github.com/juanrossi/hbonline/server/internal/game/combat.go:61.2,70.3 3 1
github.com/juanrossi/hbonline/server/internal/game/combat.go:74.65,77.20 2 1
github.com/juanrossi/hbonline/server/internal/game/combat.go:77.20,79.3 1 0
github.com/juanrossi/hbonline/server/internal/game/combat.go:80.2,80.20 1 1
github.com/juanrossi/hbonline/server/internal/game/combat.go:80.20,82.3 1 0
github.com/juanrossi/hbonline/server/internal/game/combat.go:84.2,85.22 2 1
github.com/juanrossi/hbonline/server/internal/game/combat.go:85.22,87.3 1 1
github.com/juanrossi/hbonline/server/internal/game/combat.go:90.2,92.18 3 1
github.com/juanrossi/hbonline/server/internal/game/combat.go:92.18,94.3 1 1
github.com/juanrossi/hbonline/server/internal/game/combat.go:97.2,100.30 4 1
github.com/juanrossi/hbonline/server/internal/game/combat.go:100.30,102.3 1 1
github.com/juanrossi/hbonline/server/internal/game/combat.go:103.2,104.16 2 1
github.com/juanrossi/hbonline/server/internal/game/combat.go:104.16,106.3 1 0
github.com/juanrossi/hbonline/server/internal/game/combat.go:108.2,110.15 3 1
github.com/juanrossi/hbonline/server/internal/game/combat.go:110.15,113.3 2 0
github.com/juanrossi/hbonline/server/internal/game/combat.go:116.2,122.3 2 1
github.com/juanrossi/hbonline/server/internal/game/combat.go:126.34,129.2 1 1
github.com/juanrossi/hbonline/server/internal/game/combat.go:133.42,135.6 2 1
github.com/juanrossi/hbonline/server/internal/game/combat.go:135.6,137.28 2 1
github.com/juanrossi/hbonline/server/internal/game/combat.go:137.28,138.9 1 1
github.com/juanrossi/hbonline/server/internal/game/combat.go:140.3,150.17 9 1
github.com/juanrossi/hbonline/server/internal/game/combat.go:152.2,152.16 1 1
github.com/juanrossi/hbonline/server/internal/game/engine.go:53.44,64.2 4 0
github.com/juanrossi/hbonline/server/internal/game/engine.go:66.45,68.16 2 0
github.com/juanrossi/hbonline/server/internal/game/engine.go:68.16,70.3 1 0
github.com/juanrossi/hbonline/server/internal/game/engine.go:72.2,72.32 1 0
github.com/juanrossi/hbonline/server/internal/game/engine.go:72.32,73.60 1 0
github.com/juanrossi/hbonline/server/internal/game/engine.go:73.60,74.12 1 0
github.com/juanrossi/hbonline/server/internal/game/engine.go:76.3,78.17 3 0
github.com/juanrossi/hbonline/server/internal/game/engine.go:78.17,80.12 2 0
github.com/juanrossi/hbonline/server/internal/game/engine.go:82.3,83.69 2 0
github.com/juanrossi/hbonline/server/internal/game/engine.go:86.2,87.12 2 0
github.com/juanrossi/hbonline/server/internal/game/engine.go:90.43,94.6 3 0
github.com/juanrossi/hbonline/server/internal/game/engine.go:94.6,95.10 1 0
github.com/juanrossi/hbonline/server/internal/game/engine.go:96.21,97.10 1 0
github.com/juanrossi/hbonline/server/internal/game/engine.go:98.19,99.19 1 0
github.com/juanrossi/hbonline/server/internal/game/engine.go:104.32,108.46 2 0
github.com/juanrossi/hbonline/server/internal/game/engine.go:108.46,111.3 2 0
github.com/juanrossi/hbonline/server/internal/game/engine.go:113.2,113.46 1 0
github.com/juanrossi/hbonline/server/internal/game/engine.go:113.46,116.3 2 0
github.com/juanrossi/hbonline/server/internal/game/engine.go:118.2,118.46 1 0
github.com/juanrossi/hbonline/server/internal/game/engine.go:118.46,121.3 2 0
github.com/juanrossi/hbonline/server/internal/game/engine.go:124.2,124.41 1 0
github.com/juanrossi/hbonline/server/internal/game/engine.go:124.41,128.3 3 0
github.com/juanrossi/hbonline/server/internal/game/engine.go:131.47,132.44 1 0
github.com/juanrossi/hbonline/server/internal/game/engine.go:132.44,135.15 3 0
github.com/juanrossi/hbonline/server/internal/game/engine.go:136.13,137.34 1 0
github.com/juanrossi/hbonline/server/internal/game/engine.go:137.34,140.23 3 0
github.com/juanrossi/hbonline/server/internal/game/engine.go:140.23,142.6 1 0
github.com/juanrossi/hbonline/server/internal/game/engine.go:143.5,143.19 1 0
github.com/juanrossi/hbonline/server/internal/game/engine.go:145.13,146.22 1 0
github.com/juanrossi/hbonline/server/internal/game/engine.go:146.22,149.23 3 0
github.com/juanrossi/hbonline/server/internal/game/engine.go:149.23,151.6 1 0
github.com/juanrossi/hbonline/server/internal/game/engine.go:152.5,152.19 1 0
github.com/juanrossi/hbonline/server/internal/game/engine.go:154.13,155.22 1 0
github.com/juanrossi/hbonline/server/internal/game/engine.go:155.22,157.23 2 0
github.com/juanrossi/hbonline/server/internal/game/engine.go:157.23,159.6 1 0
github.com/juanrossi/hbonline/server/internal/game/engine.go:160.5,160.19 1 0
github.com/juanrossi/hbonline/server/internal/game/engine.go:163.3,163.14 1 0
github.com/juanrossi/hbonline/server/internal/game/engine.go:163.14,165.4 1 0
github.com/juanrossi/hbonline/server/internal/game/engine.go:166.3,166.14 1 0
github.com/juanrossi/hbonline/server/internal/game/engine.go:171.30,174.9 2 0
github.com/juanrossi/hbonline/server/internal/game/engine.go:174.9,176.3 1 0
github.com/juanrossi/hbonline/server/internal/game/engine.go:178.2,192.28 2 0
github.com/juanrossi/hbonline/server/internal/game/engine.go:192.28,194.10 2 0
github.com/juanrossi/hbonline/server/internal/game/engine.go:194.10,195.12 1 0
github.com/juanrossi/hbonline/server/internal/game/engine.go:199.3,200.35 2 0
github.com/juanrossi/hbonline/server/internal/game/engine.go:200.35,202.4 1 0
github.com/juanrossi/hbonline/server/internal/game/engine.go:204.3,208.96 4 0
github.com/juanrossi/hbonline/server/internal/game/engine.go:212.60,214.9 2 0
github.com/juanrossi/hbonline/server/internal/game/engine.go:214.9,216.3 1 0
github.com/juanrossi/hbonline/server/internal/game/engine.go:219.2,219.30 1 0
github.com/juanrossi/hbonline/server/internal/game/engine.go:219.30,220.25 1 0
github.com/juanrossi/hbonline/server/internal/game/engine.go:220.25,222.31 2 0
github.com/juanrossi/hbonline/server/internal/game/engine.go:222.31,224.5 1 0
github.com/juanrossi/hbonline/server/internal/game/engine.go:226.4,228.68 3 0
github.com/juanrossi/hbonline/server/internal/game/engine.go:230.3,230.9 1 0
github.com/juanrossi/hbonline/server/internal/game/engine.go:234.2,234.33 1 0
github.com/juanrossi/hbonline/server/internal/game/engine.go:234.33,236.3 1 0
github.com/juanrossi/hbonline/server/internal/game/engine.go:237.2,242.17 3 0
github.com/juanrossi/hbonline/server/internal/game/engine.go:243.21,244.63 1 0
github.com/juanrossi/hbonline/server/internal/game/engine.go:244.63,247.4 2 0
github.com/juanrossi/hbonline/server/internal/game/engine.go:247.9,247.31 1 0
github.com/juanrossi/hbonline/server/internal/game/engine.go:247.31,250.4 1 0
github.com/juanrossi/hbonline/server/internal/game/engine.go:252.23,253.63 1 0
github.com/juanrossi/hbonline/server/internal/game/engine.go:253.63,257.4 3 0
github.com/juanrossi/hbonline/server/internal/game/engine.go:259.3,259.81 1 0
github.com/juanrossi/hbonline/server/internal/game/engine.go:259.81,261.4 1 0
github.com/juanrossi/hbonline/server/internal/game/engine.go:264.3,271.13 6 0
github.com/juanrossi/hbonline/server/internal/game/engine.go:271.13,273.4 1 0
github.com/juanrossi/hbonline/server/internal/game/engine.go:274.3,274.13 1 0
github.com/juanrossi/hbonline/server/internal/game/engine.go:274.13,276.4 1 0
github.com/juanrossi/hbonline/server/internal/game/engine.go:277.3,277.57 1 0
github.com/juanrossi/hbonline/server/internal/game/engine.go:277.57,280.4 2 0
github.com/juanrossi/hbonline/server/internal/game/engine.go:282.3,282.32 1 0
github.com/juanrossi/hbonline/server/internal/game/engine.go:282.32,284.4 1 0
github.com/juanrossi/hbonline/server/internal/game/engine.go:285.3,288.24 2 0
github.com/juanrossi/hbonline/server/internal/game/engine.go:288.24,290.4 1 0
github.com/juanrossi/hbonline/server/internal/game/engine.go:292.22,294.69 2 0
github.com/juanrossi/hbonline/server/internal/game/engine.go:294.69,298.4 3 0
github.com/juanrossi/hbonline/server/internal/game/engine.go:300.3,304.39 3 0
github.com/juanrossi/hbonline/server/internal/game/engine.go:304.39,308.4 3 0
github.com/juanrossi/hbonline/server/internal/game/engine.go:310.3,310.16 1 0
github.com/juanrossi/hbonline/server/internal/game/engine.go:310.16,314.4 2 0
github.com/juanrossi/hbonline/server/internal/game/engine.go:317.3,317.81 1 0
github.com/juanrossi/hbonline/server/internal/game/engine.go:317.81,319.4 1 0
github.com/juanrossi/hbonline/server/internal/game/engine.go:321.3,325.32 4 0
github.com/juanrossi/hbonline/server/internal/game/engine.go:325.32,327.4 1 0
github.com/juanrossi/hbonline/server/internal/game/engine.go:328.3,328.23 1 0
github.com/juanrossi/hbonline/server/internal/game/engine.go:330.23,332.69 2 0
github.com/juanrossi/hbonline/server/internal/game/engine.go:332.69,336.4 3 0
github.com/juanrossi/hbonline/server/internal/game/engine.go:338.3,339.15 2 0
github.com/juanrossi/hbonline/server/internal/game/engine.go:339.15,342.4 2 0
github.com/juanrossi/hbonline/server/internal/game/engine.go:345.3,345.85 1 0
github.com/juanrossi/hbonline/server/internal/game/engine.go:345.85,347.4 1 0
github.com/juanrossi/hbonline/server/internal/game/engine.go:348.3,384.20 9 0
github.com/juanrossi/hbonline/server/internal/game/engine.go:384.20,386.4 1 0
github.com/juanrossi/hbonline/server/internal/game/engine.go:390.80,407.2 8 0
github.com/juanrossi/hbonline/server/internal/game/engine.go:409.91,414.31 4 0
github.com/juanrossi/hbonline/server/internal/game/engine.go:414.31,416.10 2 0
github.com/juanrossi/hbonline/server/internal/game/engine.go:416.10,417.12 1 0
github.com/juanrossi/hbonline/server/internal/game/engine.go:419.3,420.42 2 0
github.com/juanrossi/hbonline/server/internal/game/engine.go:420.42,421.12 1 0
github.com/juanrossi/hbonline/server/internal/game/engine.go:423.3,424.25 2 0
github.com/juanrossi/hbonline/server/internal/game/engine.go:424.25,427.4 2 0
github.com/juanrossi/hbonline/server/internal/game/engine.go:429.2,429.29 1 0
github.com/juanrossi/hbonline/server/internal/game/engine.go:432.63,434.9 2 0
github.com/juanrossi/hbonline/server/internal/game/engine.go:434.9,436.3 1 0
github.com/juanrossi/hbonline/server/internal/game/engine.go:437.2,437.29 1 0
github.com/juanrossi/hbonline/server/internal/game/engine.go:440.51,461.2 3 0
github.com/juanrossi/hbonline/server/internal/game/engine.go:463.89,465.9 2 0
github.com/juanrossi/hbonline/server/internal/game/engine.go:465.9,467.3 1 0
github.com/juanrossi/hbonline/server/internal/game/engine.go:470.2,482.22 5 0
github.com/juanrossi/hbonline/server/internal/game/engine.go:482.22,484.3 1 0
github.com/juanrossi/hbonline/server/internal/game/engine.go:487.2,487.12 1 0
github.com/juanrossi/hbonline/server/internal/game/engine.go:487.12,490.3 2 0
github.com/juanrossi/hbonline/server/internal/game/engine.go:493.50,495.9 2 0
github.com/juanrossi/hbonline/server/internal/game/engine.go:495.9,497.3 1 0
github.com/juanrossi/hbonline/server/internal/game/engine.go:500.2,505.36 4 0
github.com/juanrossi/hbonline/server/internal/game/engine.go:505.36,507.3 1 0
github.com/juanrossi/hbonline/server/internal/game/engine.go:509.2,535.21 13 0
github.com/juanrossi/hbonline/server/internal/game/engine.go:539.52,541.2 1 0
github.com/juanrossi/hbonline/server/internal/game/engine.go:544.55,545.26 1 0
github.com/juanrossi/hbonline/server/internal/game/engine.go:545.26,547.3 1 0
github.com/juanrossi/hbonline/server/internal/game/engine.go:549.2,549.52 1 0
github.com/juanrossi/hbonline/server/internal/game/engine.go:549.52,559.38 6 0
github.com/juanrossi/hbonline/server/internal/game/engine.go:559.38,566.4 4 0
github.com/juanrossi/hbonline/server/internal/game/engine.go:568.3,568.36 1 0
github.com/juanrossi/hbonline/server/internal/game/engine.go:573.82,575.16 2 0
github.com/juanrossi/hbonline/server/internal/game/engine.go:575.16,578.3 2 0
github.com/juanrossi/hbonline/server/internal/game/engine.go:580.2,580.17 1 0
github.com/juanrossi/hbonline/server/internal/game/engine.go:581.31,582.48 1 0
github.com/juanrossi/hbonline/server/internal/game/engine.go:583.41,584.68 1 0
github.com/juanrossi/hbonline/server/internal/game/engine.go:585.41,586.68 1 0
github.com/juanrossi/hbonline/server/internal/game/engine.go:587.35,588.56 1 0
github.com/juanrossi/hbonline/server/internal/game/engine.go:589.32,590.50 1 0
github.com/juanrossi/hbonline/server/internal/game/engine.go:591.30,592.46 1 0
github.com/juanrossi/hbonline/server/internal/game/engine.go:593.32,594.50 1 0
github.com/juanrossi/hbonline/server/internal/game/engine.go:595.36,596.58 1 0
github.com/juanrossi/hbonline/server/internal/game/engine.go:597.33,598.52 1 0
github.com/juanrossi/hbonline/server/internal/game/engine.go:599.35,600.56 1 0
github.com/juanrossi/hbonline/server/internal/game/engine.go:601.34,602.54 1 0
github.com/juanrossi/hbonline/server/internal/game/engine.go:603.33,604.52 1 0
github.com/juanrossi/hbonline/server/internal/game/engine.go:605.34,606.54 1 0
github.com/juanrossi/hbonline/server/internal/game/engine.go:607.35,608.56 1 0
github.com/juanrossi/hbonline/server/internal/game/engine.go:612.76,615.46 2 0
github.com/juanrossi/hbonline/server/internal/game/engine.go:615.46,618.3 2 0
github.com/juanrossi/hbonline/server/internal/game/engine.go:619.2,619.53 1 0
github.com/juanrossi/hbonline/server/internal/game/engine.go:619.53,622.3 2 0
github.com/juanrossi/hbonline/server/internal/game/engine.go:624.2,624.18 1 0
github.com/juanrossi/hbonline/server/internal/game/engine.go:624.18,626.17 2 0
github.com/juanrossi/hbonline/server/internal/game/engine.go:626.17,629.4 2 0
github.com/juanrossi/hbonline/server/internal/game/engine.go:630.3,631.17 2 0
github.com/juanrossi/hbonline/server/internal/game/engine.go:631.17,634.4 2 0
github.com/juanrossi/hbonline/server/internal/game/engine.go:635.3,637.9 3 0
github.com/juanrossi/hbonline/server/internal/game/engine.go:641.2,642.16 2 0
github.com/juanrossi/hbonline/server/internal/game/engine.go:642.16,645.3 2 0
github.com/juanrossi/hbonline/server/internal/game/engine.go:646.2,646.90 1 0
github.com/juanrossi/hbonline/server/internal/game/engine.go:646.90,649.3 2 0
github.com/juanrossi/hbonline/server/internal/game/engine.go:651.2,655.16 4 0
github.com/juanrossi/hbonline/server/internal/game/engine.go:655.16,658.3 2 0
github.com/juanrossi/hbonline/server/internal/game/engine.go:659.2,659.35 1 0
github.com/juanrossi/hbonline/server/internal/game/engine.go:662.96,665.27 2 0
github.com/juanrossi/hbonline/server/internal/game/engine.go:665.27,667.3 1 0
github.com/juanrossi/hbonline/server/internal/game/engine.go:669.2,669.42 1 0
github.com/juanrossi/hbonline/server/internal/game/engine.go:669.42,672.3 2 0
github.com/juanrossi/hbonline/server/internal/game/engine.go:675.2,677.26 3 0
github.com/juanrossi/hbonline/server/internal/game/engine.go:677.26,678.13 1 0
github.com/juanrossi/hbonline/server/internal/game/engine.go:678.13,681.4 2 0
github.com/juanrossi/hbonline/server/internal/game/engine.go:682.3,682.13 1 0
github.com/juanrossi/hbonline/server/internal/game/engine.go:684.2,684.17 1 0
github.com/juanrossi/hbonline/server/internal/game/engine.go:684.17,687.3 2 0
github.com/juanrossi/hbonline/server/internal/game/engine.go:690.2,691.30 2 0
github.com/juanrossi/hbonline/server/internal/game/engine.go:691.30,694.3 2 0
github.com/juanrossi/hbonline/server/internal/game/engine.go:697.2,699.52 1 0
github.com/juanrossi/hbonline/server/internal/game/engine.go:699.52,702.3 2 0
github.com/juanrossi/hbonline/server/internal/game/engine.go:704.2,708.16 2 0
github.com/juanrossi/hbonline/server/internal/game/engine.go:708.16,711.3 2 0
github.com/juanrossi/hbonline/server/internal/game/engine.go:713.2,714.40 2 0
github.com/juanrossi/hbonline/server/internal/game/engine.go:717.96,719.27 2 0
github.com/juanrossi/hbonline/server/internal/game/engine.go:719.27,721.3 1 0
github.com/juanrossi/hbonline/server/internal/game/engine.go:723.2,724.16 2 0
github.com/juanrossi/hbonline/server/internal/game/engine.go:724.16,727.3 2 0
github.com/juanrossi/hbonline/server/internal/game/engine.go:729.2,731.11 3 0
github.com/juanrossi/hbonline/server/internal/game/engine.go:734.84,736.27 2 0
github.com/juanrossi/hbonline/server/internal/game/engine.go:736.27,738.3 1 0
github.com/juanrossi/hbonline/server/internal/game/engine.go:740.2,741.16 2 0
github.com/juanrossi/hbonline/server/internal/game/engine.go:741.16,744.3 2 0
github.com/juanrossi/hbonline/server/internal/game/engine.go:746.2,752.9 6 0
github.com/juanrossi/hbonline/server/internal/game/engine.go:752.9,756.16 3 0
github.com/juanrossi/hbonline/server/internal/game/engine.go:756.16,759.4 2 0
github.com/juanrossi/hbonline/server/internal/game/engine.go:763.2,763.30 1 0
github.com/juanrossi/hbonline/server/internal/game/engine.go:763.30,765.3 1 0
github.com/juanrossi/hbonline/server/internal/game/engine.go:767.2,800.88 13 0
github.com/juanrossi/hbonline/server/internal/game/engine.go:803.78,804.26 1 0
github.com/juanrossi/hbonline/server/internal/game/engine.go:804.26,806.3 1 0
github.com/juanrossi/hbonline/server/internal/game/engine.go:808.2,809.9 2 0
github.com/juanrossi/hbonline/server/internal/game/engine.go:809.9,811.3 1 0
github.com/juanrossi/hbonline/server/internal/game/engine.go:812.2,815.9 3 0
github.com/juanrossi/hbonline/server/internal/game/engine.go:815.9,817.3 1 0
github.com/juanrossi/hbonline/server/internal/game/engine.go:819.2,822.24 3 0
github.com/juanrossi/hbonline/server/internal/game/engine.go:822.24,824.3 1 0
github.com/juanrossi/hbonline/server/internal/game/engine.go:826.2,826.32 1 0
github.com/juanrossi/hbonline/server/internal/game/engine.go:826.32,830.18 3 0
github.com/juanrossi/hbonline/server/internal/game/engine.go:830.18,832.4 1 0
github.com/juanrossi/hbonline/server/internal/game/engine.go:833.3,833.44 1 0
github.com/juanrossi/hbonline/server/internal/game/engine.go:833.44,837.4 2 0
github.com/juanrossi/hbonline/server/internal/game/engine.go:839.3,842.33 3 0
github.com/juanrossi/hbonline/server/internal/game/engine.go:842.33,845.4 2 0
github.com/juanrossi/hbonline/server/internal/game/engine.go:848.3,848.32 1 0
github.com/juanrossi/hbonline/server/internal/game/engine.go:848.33,850.4 0 0
github.com/juanrossi/hbonline/server/internal/game/engine.go:853.3,867.59 12 0
github.com/juanrossi/hbonline/server/internal/game/engine.go:867.59,871.4 2 0
github.com/juanrossi/hbonline/server/internal/game/engine.go:874.3,875.18 2 0
github.com/juanrossi/hbonline/server/internal/game/engine.go:875.18,877.4 1 0
github.com/juanrossi/hbonline/server/internal/game/engine.go:879.3,888.85 2 0
github.com/juanrossi/hbonline/server/internal/game/engine.go:889.8,889.24 1 0
github.com/juanrossi/hbonline/server/internal/game/engine.go:889.24,902.3 4 0
github.com/juanrossi/hbonline/server/internal/game/engine.go:905.74,906.26 1 0
github.com/juanrossi/hbonline/server/internal/game/engine.go:906.26,908.3 1 0
github.com/juanrossi/hbonline/server/internal/game/engine.go:910.2,911.9 2 0
github.com/juanrossi/hbonline/server/internal/game/engine.go:911.9,913.3 1 0
github.com/juanrossi/hbonline/server/internal/game/engine.go:914.2,917.9 3 0
github.com/juanrossi/hbonline/server/internal/game/engine.go:917.9,919.3 1 0
github.com/juanrossi/hbonline/server/internal/game/engine.go:922.2,923.20 2 0
github.com/juanrossi/hbonline/server/internal/game/engine.go:923.20,925.3 1 0
github.com/juanrossi/hbonline/server/internal/game/engine.go:926.2,926.19 1 0
github.com/juanrossi/hbonline/server/internal/game/engine.go:926.19,928.3 1 0
github.com/juanrossi/hbonline/server/internal/game/engine.go:930.2,938.18 2 0
github.com/juanrossi/hbonline/server/internal/game/engine.go:939.9,940.73 1 0
github.com/juanrossi/hbonline/server/internal/game/engine.go:941.9,942.63 1 0
github.com/juanrossi/hbonline/server/internal/game/engine.go:943.9,944.37 1 0
github.com/juanrossi/hbonline/server/internal/game/engine.go:948.78,949.26 1 0
github.com/juanrossi/hbonline/server/internal/game/engine.go:949.26,951.3 1 0
github.com/juanrossi/hbonline/server/internal/game/engine.go:953.2,954.9 2 0
github.com/juanrossi/hbonline/server/internal/game/engine.go:954.9,956.3 1 0
github.com/juanrossi/hbonline/server/internal/game/engine.go:957.2,959.15 2 0
github.com/juanrossi/hbonline/server/internal/game/engine.go:959.15,961.3 1 0
github.com/juanrossi/hbonline/server/internal/game/engine.go:963.2,964.9 2 0
github.com/juanrossi/hbonline/server/internal/game/engine.go:964.9,966.3 1 0
github.com/juanrossi/hbonline/server/internal/game/engine.go:968.2,969.19 2 0
github.com/juanrossi/hbonline/server/internal/game/engine.go:969.19,971.3 1 0
github.com/juanrossi/hbonline/server/internal/game/engine.go:974.2,974.46 1 0
github.com/juanrossi/hbonline/server/internal/game/engine.go:974.46,976.3 1 0
github.com/juanrossi/hbonline/server/internal/game/engine.go:979.2,980.11 2 0
github.com/juanrossi/hbonline/server/internal/game/engine.go:980.11,984.31 2 0
github.com/juanrossi/hbonline/server/internal/game/engine.go:984.31,985.35 1 0
github.com/juanrossi/hbonline/server/internal/game/engine.go:985.35,987.5 1 0
github.com/juanrossi/hbonline/server/internal/game/engine.go:988.4,988.10 1 0
github.com/juanrossi/hbonline/server/internal/game/engine.go:991.3,991.45 1 0
github.com/juanrossi/hbonline/server/internal/game/engine.go:991.45,993.4 1 0
github.com/juanrossi/hbonline/server/internal/game/engine.go:996.3,997.15 2 0
github.com/juanrossi/hbonline/server/internal/game/engine.go:997.15,999.4 1 0
github.com/juanrossi/hbonline/server/internal/game/engine.go:1002.3,1032.37 7 0
github.com/juanrossi/hbonline/server/internal/game/engine.go:1032.37,1035.4 2 0
github.com/juanrossi/hbonline/server/internal/game/engine.go:1038.3,1038.20 1 0
github.com/juanrossi/hbonline/server/internal/game/engine.go:1038.20,1040.4 1 0
github.com/juanrossi/hbonline/server/internal/game/engine.go:1043.3,1044.15 2 0
github.com/juanrossi/hbonline/server/internal/game/engine.go:1044.15,1046.4 1 0
github.com/juanrossi/hbonline/server/internal/game/engine.go:1047.3,1047.22 1 0
github.com/juanrossi/hbonline/server/internal/game/engine.go:1051.89,1079.33 11 0
github.com/juanrossi/hbonline/server/internal/game/engine.go:1079.33,1081.3 1 0
github.com/juanrossi/hbonline/server/internal/game/engine.go:1084.2,1086.15 2 0
github.com/juanrossi/hbonline/server/internal/game/engine.go:1086.15,1094.3 3 0
github.com/juanrossi/hbonline/server/internal/game/engine.go:1096.2,1096.101 1 0
github.com/juanrossi/hbonline/server/internal/game/engine.go:1099.50,1102.12 3 0
github.com/juanrossi/hbonline/server/internal/game/engine.go:1102.12,1104.3 1 0
github.com/juanrossi/hbonline/server/internal/game/engine.go:1104.8,1104.19 1 0
github.com/juanrossi/hbonline/server/internal/game/engine.go:1104.19,1106.3 1 0
github.com/juanrossi/hbonline/server/internal/game/engine.go:1107.2,1107.12 1 0
github.com/juanrossi/hbonline/server/internal/game/engine.go:1107.12,1109.3 1 0
github.com/juanrossi/hbonline/server/internal/game/engine.go:1109.8,1109.19 1 0
github.com/juanrossi/hbonline/server/internal/game/engine.go:1109.19,1111.3 1 0
github.com/juanrossi/hbonline/server/internal/game/engine.go:1113.2,1113.9 1 0
github.com/juanrossi/hbonline/server/internal/game/engine.go:1114.27,1115.11 1 0
github.com/juanrossi/hbonline/server/internal/game/engine.go:1116.27,1117.11 1 0
github.com/juanrossi/hbonline/server/internal/game/engine.go:1118.26,1119.11 1 0
github.com/juanrossi/hbonline/server/internal/game/engine.go:1120.26,1121.11 1 0
github.com/juanrossi/hbonline/server/internal/game/engine.go:1122.26,1123.11 1 0
github.com/juanrossi/hbonline/server/internal/game/engine.go:1124.27,1125.11 1 0
github.com/juanrossi/hbonline/server/internal/game/engine.go:1126.27,1127.11 1 0
github.com/juanrossi/hbonline/server/internal/game/engine.go:1128.28,1129.11 1 0
github.com/juanrossi/hbonline/server/internal/game/engine.go:1130.10,1131.11 1 0
github.com/juanrossi/hbonline/server/internal/game/engine.go:1137.72,1141.2 3 0
github.com/juanrossi/hbonline/server/internal/game/engine.go:1143.84,1145.26 2 0
github.com/juanrossi/hbonline/server/internal/game/engine.go:1145.26,1147.3 1 0
github.com/juanrossi/hbonline/server/internal/game/engine.go:1148.2,1149.19 2 0
github.com/juanrossi/hbonline/server/internal/game/engine.go:1152.77,1156.2 3 0
github.com/juanrossi/hbonline/server/internal/game/engine.go:1158.89,1160.26 2 0
github.com/juanrossi/hbonline/server/internal/game/engine.go:1160.26,1162.3 1 0
github.com/juanrossi/hbonline/server/internal/game/engine.go:1163.2,1164.19 2 0
github.com/juanrossi/hbonline/server/internal/game/engine.go:1167.94,1171.2 3 0
github.com/juanrossi/hbonline/server/internal/game/engine.go:1173.78,1184.2 3 0
github.com/juanrossi/hbonline/server/internal/game/engine.go:1186.117,1188.16 2 0
github.com/juanrossi/hbonline/server/internal/game/engine.go:1188.16,1190.3 1 0
github.com/juanrossi/hbonline/server/internal/game/engine.go:1192.2,1193.31 2 0
github.com/juanrossi/hbonline/server/internal/game/engine.go:1193.31,1194.22 1 0
github.com/juanrossi/hbonline/server/internal/game/engine.go:1194.22,1195.12 1 0
github.com/juanrossi/hbonline/server/internal/game/engine.go:1197.3,1197.40 1 0
github.com/juanrossi/hbonline/server/internal/game/engine.go:1197.40,1199.4 1 0
github.com/juanrossi/hbonline/server/internal/game/engine.go:1203.82,1205.16 2 0
github.com/juanrossi/hbonline/server/internal/game/engine.go:1205.16,1207.3 1 0
github.com/juanrossi/hbonline/server/internal/game/engine.go:1209.2,1209.44 1 0
github.com/juanrossi/hbonline/server/internal/game/engine.go:1209.44,1211.27 2 0
github.com/juanrossi/hbonline/server/internal/game/engine.go:1211.27,1213.4 1 0
github.com/juanrossi/hbonline/server/internal/game/engine.go:1214.3,1214.14 1 0
github.com/juanrossi/hbonline/server/internal/game/engine.go:1218.70,1219.44 1 0
github.com/juanrossi/hbonline/server/internal/game/engine.go:1219.44,1221.27 2 0
github.com/juanrossi/hbonline/server/internal/game/engine.go:1221.27,1225.4 3 0
github.com/juanrossi/hbonline/server/internal/game/engine.go:1226.3,1226.14 1 0
github.com/juanrossi/hbonline/server/internal/game/engine.go:1230.104,1234.31 3 0
github.com/juanrossi/hbonline/server/internal/game/engine.go:1234.31,1235.22 1 0
github.com/juanrossi/hbonline/server/internal/game/engine.go:1235.22,1236.12 1 0
github.com/juanrossi/hbonline/server/internal/game/engine.go:1238.3,1238.40 1 0
github.com/juanrossi/hbonline/server/internal/game/engine.go:1238.40,1251.4 2 0
github.com/juanrossi/hbonline/server/internal/game/engine.go:1253.2,1253.14 1 0
github.com/juanrossi/hbonline/server/internal/game/engine.go:1256.84,1258.41 2 0
github.com/juanrossi/hbonline/server/internal/game/engine.go:1258.41,1260.43 2 0
github.com/juanrossi/hbonline/server/internal/game/engine.go:1260.43,1262.4 1 0
github.com/juanrossi/hbonline/server/internal/game/engine.go:1263.3,1264.17 2 0
github.com/juanrossi/hbonline/server/internal/game/engine.go:1264.17,1266.4 1 0
github.com/juanrossi/hbonline/server/internal/game/engine.go:1267.3,1267.14 1 0
github.com/juanrossi/hbonline/server/internal/game/engine.go:1269.2,1269.14 1 0
github.com/juanrossi/hbonline/server/internal/game/engine.go:1272.83,1274.41 1 0
github.com/juanrossi/hbonline/server/internal/game/engine.go:1274.41,1275.41 1 0
github.com/juanrossi/hbonline/server/internal/game/engine.go:1275.41,1276.42 1 0
github.com/juanrossi/hbonline/server/internal/game/engine.go:1276.42,1277.71 1 0
github.com/juanrossi/hbonline/server/internal/game/engine.go:1277.71,1278.14 1 0
github.com/juanrossi/hbonline/server/internal/game/engine.go:1280.5,1281.28 2 0
github.com/juanrossi/hbonline/server/internal/game/engine.go:1281.28,1283.6 1 0
github.com/juanrossi/hbonline/server/internal/game/engine.go:1288.2,1288.36 1 0
github.com/juanrossi/hbonline/server/internal/game/engine.go:1291.35,1295.44 3 0
github.com/juanrossi/hbonline/server/internal/game/engine.go:1295.44,1300.3 4 0
github.com/juanrossi/hbonline/server/internal/game/engine.go:1303.63,1319.2 1 0
github.com/juanrossi/hbonline/server/internal/game/items_handler.go:16.56,20.2 3 0
github.com/juanrossi/hbonline/server/internal/game/items_handler.go:23.98,25.16 2 0
github.com/juanrossi/hbonline/server/internal/game/items_handler.go:25.16,27.3 1 0
github.com/juanrossi/hbonline/server/internal/game/items_handler.go:29.2,48.72 5 0
github.com/juanrossi/hbonline/server/internal/game/items_handler.go:52.79,53.48 1 0
github.com/juanrossi/hbonline/server/internal/game/items_handler.go:53.48,55.30 2 0
github.com/juanrossi/hbonline/server/internal/game/items_handler.go:55.30,57.4 1 0
github.com/juanrossi/hbonline/server/internal/game/items_handler.go:58.3,60.13 3 0
github.com/juanrossi/hbonline/server/internal/game/items_handler.go:60.13,62.4 1 0
github.com/juanrossi/hbonline/server/internal/game/items_handler.go:63.3,63.13 1 0
github.com/juanrossi/hbonline/server/internal/game/items_handler.go:63.13,65.4 1 0
github.com/juanrossi/hbonline/server/internal/game/items_handler.go:66.3,66.25 1 0
github.com/juanrossi/hbonline/server/internal/game/items_handler.go:66.25,68.4 1 0
github.com/juanrossi/hbonline/server/internal/game/items_handler.go:70.3,71.17 2 0
github.com/juanrossi/hbonline/server/internal/game/items_handler.go:71.17,73.4 1 0
github.com/juanrossi/hbonline/server/internal/game/items_handler.go:74.3,83.14 4 0
github.com/juanrossi/hbonline/server/internal/game/items_handler.go:88.86,90.27 2 0
github.com/juanrossi/hbonline/server/internal/game/items_handler.go:90.27,92.3 1 0
github.com/juanrossi/hbonline/server/internal/game/items_handler.go:94.2,95.9 2 0
github.com/juanrossi/hbonline/server/internal/game/items_handler.go:95.9,97.3 1 0
github.com/juanrossi/hbonline/server/internal/game/items_handler.go:98.2,101.29 2 0
github.com/juanrossi/hbonline/server/internal/game/items_handler.go:101.29,103.3 1 0
github.com/juanrossi/hbonline/server/internal/game/items_handler.go:104.2,106.12 3 0
github.com/juanrossi/hbonline/server/internal/game/items_handler.go:106.12,108.3 1 0
github.com/juanrossi/hbonline/server/internal/game/items_handler.go:109.2,109.12 1 0
github.com/juanrossi/hbonline/server/internal/game/items_handler.go:109.12,111.3 1 0
github.com/juanrossi/hbonline/server/internal/game/items_handler.go:112.2,112.22 1 0
github.com/juanrossi/hbonline/server/internal/game/items_handler.go:112.22,115.3 2 0
github.com/juanrossi/hbonline/server/internal/game/items_handler.go:118.2,119.14 2 0
github.com/juanrossi/hbonline/server/internal/game/items_handler.go:119.14,122.3 2 0
github.com/juanrossi/hbonline/server/internal/game/items_handler.go:125.2,129.8 3 0
github.com/juanrossi/hbonline/server/internal/game/items_handler.go:129.8,132.3 2 0
github.com/juanrossi/hbonline/server/internal/game/items_handler.go:135.2,139.16 4 0
github.com/juanrossi/hbonline/server/internal/game/items_handler.go:139.16,141.3 1 0
github.com/juanrossi/hbonline/server/internal/game/items_handler.go:142.2,142.71 1 0
github.com/juanrossi/hbonline/server/internal/game/items_handler.go:146.80,148.27 2 0
github.com/juanrossi/hbonline/server/internal/game/items_handler.go:148.27,150.3 1 0
github.com/juanrossi/hbonline/server/internal/game/items_handler.go:152.2,153.17 2 0
github.com/juanrossi/hbonline/server/internal/game/items_handler.go:153.17,155.3 1 0
github.com/juanrossi/hbonline/server/internal/game/items_handler.go:156.2,157.16 2 0
github.com/juanrossi/hbonline/server/internal/game/items_handler.go:157.16,159.3 1 0
github.com/juanrossi/hbonline/server/internal/game/items_handler.go:161.2,161.38 1 0
github.com/juanrossi/hbonline/server/internal/game/items_handler.go:161.38,164.3 2 0
github.com/juanrossi/hbonline/server/internal/game/items_handler.go:167.2,167.23 1 0
github.com/juanrossi/hbonline/server/internal/game/items_handler.go:167.23,169.21 2 0
github.com/juanrossi/hbonline/server/internal/game/items_handler.go:169.21,171.4 1 0
github.com/juanrossi/hbonline/server/internal/game/items_handler.go:173.2,173.23 1 0
github.com/juanrossi/hbonline/server/internal/game/items_handler.go:173.23,175.21 2 0
github.com/juanrossi/hbonline/server/internal/game/items_handler.go:175.21,177.4 1 0
github.com/juanrossi/hbonline/server/internal/game/items_handler.go:179.2,179.23 1 0
github.com/juanrossi/hbonline/server/internal/game/items_handler.go:179.23,181.21 2 0
github.com/juanrossi/hbonline/server/internal/game/items_handler.go:181.21,183.4 1 0
github.com/juanrossi/hbonline/server/internal/game/items_handler.go:187.2,191.21 3 0
github.com/juanrossi/hbonline/server/internal/game/items_handler.go:195.84,197.14 2 0
github.com/juanrossi/hbonline/server/internal/game/items_handler.go:197.14,199.3 1 0
github.com/juanrossi/hbonline/server/internal/game/items_handler.go:201.2,201.24 1 0
github.com/juanrossi/hbonline/server/internal/game/items_handler.go:201.24,204.18 2 0
github.com/juanrossi/hbonline/server/internal/game/items_handler.go:204.18,206.4 1 0
github.com/juanrossi/hbonline/server/internal/game/items_handler.go:207.3,208.17 2 0
github.com/juanrossi/hbonline/server/internal/game/items_handler.go:208.17,210.4 1 0
github.com/juanrossi/hbonline/server/internal/game/items_handler.go:213.3,213.32 1 0
github.com/juanrossi/hbonline/server/internal/game/items_handler.go:213.32,216.4 2 0
github.com/juanrossi/hbonline/server/internal/game/items_handler.go:218.3,219.17 2 0
github.com/juanrossi/hbonline/server/internal/game/items_handler.go:219.17,222.4 2 0
github.com/juanrossi/hbonline/server/internal/game/items_handler.go:223.8,227.17 3 0
github.com/juanrossi/hbonline/server/internal/game/items_handler.go:227.17,230.4 2 0
github.com/juanrossi/hbonline/server/internal/game/items_handler.go:234.2,242.8 5 0
github.com/juanrossi/hbonline/server/internal/game/items_handler.go:242.8,245.3 2 0
github.com/juanrossi/hbonline/server/internal/game/items_handler.go:249.82,251.14 2 0
github.com/juanrossi/hbonline/server/internal/game/items_handler.go:251.14,253.3 1 0
github.com/juanrossi/hbonline/server/internal/game/items_handler.go:255.2,256.17 2 0
github.com/juanrossi/hbonline/server/internal/game/items_handler.go:256.17,258.3 1 0
github.com/juanrossi/hbonline/server/internal/game/items_handler.go:260.2,261.16 2 0
github.com/juanrossi/hbonline/server/internal/game/items_handler.go:261.16,263.3 1 0
github.com/juanrossi/hbonline/server/internal/game/items_handler.go:264.2,264.24 1 0
github.com/juanrossi/hbonline/server/internal/game/items_handler.go:264.24,266.3 1 0
github.com/juanrossi/hbonline/server/internal/game/items_handler.go:269.2,280.8 4 0
github.com/juanrossi/hbonline/server/internal/game/items_handler.go:280.8,282.3 1 0
github.com/juanrossi/hbonline/server/internal/game/items_handler.go:284.2,284.26 1 0
github.com/juanrossi/hbonline/server/internal/game/items_handler.go:288.80,290.14 2 0
github.com/juanrossi/hbonline/server/internal/game/items_handler.go:290.14,292.3 1 0
github.com/juanrossi/hbonline/server/internal/game/items_handler.go:295.2,296.9 2 0
github.com/juanrossi/hbonline/server/internal/game/items_handler.go:296.9,298.3 1 0
github.com/juanrossi/hbonline/server/internal/game/items_handler.go:299.2,300.31 2 0
github.com/juanrossi/hbonline/server/internal/game/items_handler.go:300.31,302.3 1 0
github.com/juanrossi/hbonline/server/internal/game/items_handler.go:303.2,303.32 1 0
github.com/juanrossi/hbonline/server/internal/game/items_handler.go:303.32,306.3 2 0
github.com/juanrossi/hbonline/server/internal/game/items_handler.go:309.2,310.9 2 0
github.com/juanrossi/hbonline/server/internal/game/items_handler.go:310.9,312.3 1 0
github.com/juanrossi/hbonline/server/internal/game/items_handler.go:313.2,314.31 2 0
github.com/juanrossi/hbonline/server/internal/game/items_handler.go:314.31,315.28 1 0
github.com/juanrossi/hbonline/server/internal/game/items_handler.go:315.28,317.9 2 0
github.com/juanrossi/hbonline/server/internal/game/items_handler.go:320.2,320.12 1 0
github.com/juanrossi/hbonline/server/internal/game/items_handler.go:320.12,323.3 2 0
github.com/juanrossi/hbonline/server/internal/game/items_handler.go:325.2,326.16 2 0
github.com/juanrossi/hbonline/server/internal/game/items_handler.go:326.16,328.3 1 0
github.com/juanrossi/hbonline/server/internal/game/items_handler.go:330.2,331.16 2 0
github.com/juanrossi/hbonline/server/internal/game/items_handler.go:331.16,333.3 1 0
github.com/juanrossi/hbonline/server/internal/game/items_handler.go:335.2,336.24 2 0
github.com/juanrossi/hbonline/server/internal/game/items_handler.go:336.24,339.3 2 0
github.com/juanrossi/hbonline/server/internal/game/items_handler.go:341.2,341.29 1 0
github.com/juanrossi/hbonline/server/internal/game/items_handler.go:341.29,344.3 2 0
github.com/juanrossi/hbonline/server/internal/game/items_handler.go:347.2,355.87 7 0
github.com/juanrossi/hbonline/server/internal/game/items_handler.go:359.82,361.14 2 0
github.com/juanrossi/hbonline/server/internal/game/items_handler.go:361.14,363.3 1 0
github.com/juanrossi/hbonline/server/internal/game/items_handler.go:366.2,367.9 2 0
github.com/juanrossi/hbonline/server/internal/game/items_handler.go:367.9,369.3 1 0
github.com/juanrossi/hbonline/server/internal/game/items_handler.go:370.2,371.31 2 0
github.com/juanrossi/hbonline/server/internal/game/items_handler.go:371.31,373.3 1 0
github.com/juanrossi/hbonline/server/internal/game/items_handler.go:374.2,374.32 1 0
github.com/juanrossi/hbonline/server/internal/game/items_handler.go:374.32,377.3 2 0
github.com/juanrossi/hbonline/server/internal/game/items_handler.go:379.2,380.17 2 0
github.com/juanrossi/hbonline/server/internal/game/items_handler.go:380.17,383.3 2 0
github.com/juanrossi/hbonline/server/internal/game/items_handler.go:385.2,386.16 2 0
github.com/juanrossi/hbonline/server/internal/game/items_handler.go:386.16,388.3 1 0
github.com/juanrossi/hbonline/server/internal/game/items_handler.go:390.2,391.16 2 0
github.com/juanrossi/hbonline/server/internal/game/items_handler.go:391.16,393.3 1 0
github.com/juanrossi/hbonline/server/internal/game/items_handler.go:394.2,394.24 1 0
github.com/juanrossi/hbonline/server/internal/game/items_handler.go:394.24,396.3 1 0
github.com/juanrossi/hbonline/server/internal/game/items_handler.go:399.2,400.19 2 0
github.com/juanrossi/hbonline/server/internal/game/items_handler.go:400.19,402.3 1 0
github.com/juanrossi/hbonline/server/internal/game/items_handler.go:403.2,412.85 7 0
github.com/juanrossi/hbonline/server/internal/game/items_handler.go:416.84,418.14 2 0
github.com/juanrossi/hbonline/server/internal/game/items_handler.go:418.14,420.3 1 0
github.com/juanrossi/hbonline/server/internal/game/items_handler.go:422.2,423.38 2 0
github.com/juanrossi/hbonline/server/internal/game/items_handler.go:423.38,426.3 2 0
github.com/juanrossi/hbonline/server/internal/game/items_handler.go:428.2,428.22 1 0
github.com/juanrossi/hbonline/server/internal/game/items_handler.go:429.9,430.18 1 0
github.com/juanrossi/hbonline/server/internal/game/items_handler.go:431.9,434.21 3 0
github.com/juanrossi/hbonline/server/internal/game/items_handler.go:434.21,436.4 1 0
github.com/juanrossi/hbonline/server/internal/game/items_handler.go:437.9,438.18 1 0
github.com/juanrossi/hbonline/server/internal/game/items_handler.go:439.9,440.18 1 0
github.com/juanrossi/hbonline/server/internal/game/items_handler.go:441.9,444.21 3 0
github.com/juanrossi/hbonline/server/internal/game/items_handler.go:444.21,446.4 1 0
github.com/juanrossi/hbonline/server/internal/game/items_handler.go:447.9,448.18 1 0
github.com/juanrossi/hbonline/server/internal/game/items_handler.go:449.10,451.9 2 0
github.com/juanrossi/hbonline/server/internal/game/items_handler.go:454.2,455.21 2 0
github.com/juanrossi/hbonline/server/internal/game/items_handler.go:459.80,463.2 3 0
github.com/juanrossi/hbonline/server/internal/game/items_handler.go:466.82,470.2 3 0
github.com/juanrossi/hbonline/server/internal/game/items_handler.go:473.75,474.26 1 0
github.com/juanrossi/hbonline/server/internal/game/items_handler.go:474.26,476.3 1 0
github.com/juanrossi/hbonline/server/internal/game/items_handler.go:477.2,478.9 2 0
github.com/juanrossi/hbonline/server/internal/game/items_handler.go:478.9,480.3 1 0
github.com/juanrossi/hbonline/server/internal/game/items_handler.go:481.2,481.29 1 0
github.com/juanrossi/hbonline/server/internal/game/items_handler.go:485.66,486.31 1 0
github.com/juanrossi/hbonline/server/internal/game/items_handler.go:486.31,488.3 1 0
github.com/juanrossi/hbonline/server/internal/game/items_handler.go:490.2,491.9 2 0
github.com/juanrossi/hbonline/server/internal/game/items_handler.go:491.9,493.3 1 0
github.com/juanrossi/hbonline/server/internal/game/items_handler.go:495.2,496.37 2 0
github.com/juanrossi/hbonline/server/internal/game/items_handler.go:496.37,498.17 2 0
github.com/juanrossi/hbonline/server/internal/game/items_handler.go:498.17,499.12 1 0
github.com/juanrossi/hbonline/server/internal/game/items_handler.go:501.3,506.5 1 0
github.com/juanrossi/hbonline/server/internal/game/items_handler.go:509.2,515.14 3 0
github.com/juanrossi/hbonline/server/internal/mapdata/map.go:44.45,46.16 2 0
github.com/juanrossi/hbonline/server/internal/mapdata/map.go:46.16,48.3 1 0
github.com/juanrossi/hbonline/server/internal/mapdata/map.go:49.2,49.21 1 0
github.com/juanrossi/hbonline/server/internal/mapdata/map.go:49.21,51.3 1 0
github.com/juanrossi/hbonline/server/internal/mapdata/map.go:54.2,56.24 3 0
github.com/juanrossi/hbonline/server/internal/mapdata/map.go:56.24,57.21 1 0
github.com/juanrossi/hbonline/server/internal/mapdata/map.go:57.21,59.4 1 0
github.com/juanrossi/hbonline/server/internal/mapdata/map.go:62.2,63.16 2 0
github.com/juanrossi/hbonline/server/internal/mapdata/map.go:63.16,65.3 1 0
github.com/juanrossi/hbonline/server/internal/mapdata/map.go:67.2,68.26 2 0
github.com/juanrossi/hbonline/server/internal/mapdata/map.go:68.26,70.3 1 0
github.com/juanrossi/hbonline/server/internal/mapdata/map.go:72.2,82.30 4 0
github.com/juanrossi/hbonline/server/internal/mapdata/map.go:82.30,84.30 2 0
github.com/juanrossi/hbonline/server/internal/mapdata/map.go:84.30,99.4 5 0
github.com/juanrossi/hbonline/server/internal/mapdata/map.go:103.2,106.35 4 0
github.com/juanrossi/hbonline/server/internal/mapdata/map.go:106.35,108.36 2 0
github.com/juanrossi/hbonline/server/internal/mapdata/map.go:108.36,113.4 1 0
github.com/juanrossi/hbonline/server/internal/mapdata/map.go:116.2,116.16 1 0
github.com/juanrossi/hbonline/server/internal/mapdata/map.go:119.45,120.53 1 1
github.com/juanrossi/hbonline/server/internal/mapdata/map.go:120.53,122.3 1 1
github.com/juanrossi/hbonline/server/internal/mapdata/map.go:123.2,124.35 2 1
github.com/juanrossi/hbonline/server/internal/mapdata/map.go:127.45,128.53 1 1
github.com/juanrossi/hbonline/server/internal/mapdata/map.go:128.53,130.3 1 1
github.com/juanrossi/hbonline/server/internal/mapdata/map.go:131.2,131.31 1 1
github.com/juanrossi/hbonline/server/internal/mapdata/map.go:134.47,137.73 3 1
github.com/juanrossi/hbonline/server/internal/mapdata/map.go:137.73,139.3 1 1
github.com/juanrossi/hbonline/server/internal/mapdata/map.go:140.2,140.27 1 1
github.com/juanrossi/hbonline/server/internal/mapdata/map.go:143.54,144.53 1 1
github.com/juanrossi/hbonline/server/internal/mapdata/map.go:144.53,146.3 1 1
github.com/juanrossi/hbonline/server/internal/mapdata/map.go:149.40,150.53 1 1
github.com/juanrossi/hbonline/server/internal/mapdata/map.go:150.53,152.3 1 1
github.com/juanrossi/hbonline/server/internal/mapdata/map.go:156.63,158.14 2 1
github.com/juanrossi/hbonline/server/internal/mapdata/map.go:158.14,160.3 1 0
github.com/juanrossi/hbonline/server/internal/mapdata/map.go:161.2,163.15 3 1
github.com/juanrossi/hbonline/server/internal/mapdata/map.go:167.68,169.14 2 1
github.com/juanrossi/hbonline/server/internal/mapdata/map.go:169.14,171.3 1 0
github.com/juanrossi/hbonline/server/internal/mapdata/map.go:172.2,174.15 3 1
github.com/juanrossi/hbonline/server/internal/mapdata/map.go:178.56,183.30 4 1
github.com/juanrossi/hbonline/server/internal/mapdata/map.go:183.30,184.31 1 1
github.com/juanrossi/hbonline/server/internal/mapdata/map.go:184.31,187.75 3 1
github.com/juanrossi/hbonline/server/internal/mapdata/map.go:187.75,188.13 1 0
github.com/juanrossi/hbonline/server/internal/mapdata/map.go:190.4,192.30 3 1
github.com/juanrossi/hbonline/server/internal/mapdata/map.go:192.30,194.5 1 1
github.com/juanrossi/hbonline/server/internal/mapdata/map.go:195.4,195.18 1 1
github.com/juanrossi/hbonline/server/internal/mapdata/map.go:198.2,198.15 1 1
github.com/juanrossi/hbonline/server/internal/mapdata/map.go:202.46,207.32 4 1
github.com/juanrossi/hbonline/server/internal/mapdata/map.go:207.32,208.32 1 1
github.com/juanrossi/hbonline/server/internal/mapdata/map.go:208.32,210.31 2 1
github.com/juanrossi/hbonline/server/internal/mapdata/map.go:210.31,212.5 1 1
github.com/juanrossi/hbonline/server/internal/mapdata/map.go:215.2,215.13 1 1
github.com/juanrossi/hbonline/server/internal/mapdata/map.go:218.51,221.35 3 1
github.com/juanrossi/hbonline/server/internal/mapdata/map.go:221.35,222.20 1 1
github.com/juanrossi/hbonline/server/internal/mapdata/map.go:223.19,225.44 2 1
github.com/juanrossi/hbonline/server/internal/mapdata/map.go:225.44,227.5 1 1
github.com/juanrossi/hbonline/server/internal/mapdata/map.go:228.4,228.23 1 1
github.com/juanrossi/hbonline/server/internal/mapdata/map.go:228.23,231.19 3 1
github.com/juanrossi/hbonline/server/internal/mapdata/map.go:231.19,233.6 1 0
github.com/juanrossi/hbonline/server/internal/mapdata/map.go:235.19,237.44 2 1
github.com/juanrossi/hbonline/server/internal/mapdata/map.go:237.44,239.5 1 1
github.com/juanrossi/hbonline/server/internal/mapdata/map.go:240.4,240.23 1 1
github.com/juanrossi/hbonline/server/internal/mapdata/map.go:240.23,243.19 3 1
github.com/juanrossi/hbonline/server/internal/mapdata/map.go:243.19,245.6 1 0
github.com/juanrossi/hbonline/server/internal/mapdata/map.go:249.2,249.31 1 1
github.com/juanrossi/hbonline/server/internal/mapdata/map.go:249.31,251.3 1 1
github.com/juanrossi/hbonline/server/internal/mapdata/map.go:252.2,252.27 1 1
github.com/juanrossi/hbonline/server/internal/npc/npc.go:52.36,54.2 1 1
github.com/juanrossi/hbonline/server/internal/npc/npc.go:90.78,105.2 1 1
github.com/juanrossi/hbonline/server/internal/npc/npc.go:108.30,110.2 1 1
github.com/juanrossi/hbonline/server/internal/npc/npc.go:113.43,115.15 2 1
github.com/juanrossi/hbonline/server/internal/npc/npc.go:115.15,121.3 5 1
github.com/juanrossi/hbonline/server/internal/npc/npc.go:122.2,122.14 1 1
github.com/juanrossi/hbonline/server/internal/npc/npc.go:126.25,134.2 7 1
github.com/juanrossi/hbonline/server/internal/npc/npc.go:137.37,139.2 1 1
github.com/juanrossi/hbonline/server/internal/npc/npc.go:142.43,151.2 1 1
github.com/juanrossi/hbonline/server/internal/npc/npc.go:154.45,165.2 1 1
github.com/juanrossi/hbonline/server/internal/npc/npc.go:168.40,171.12 3 1
github.com/juanrossi/hbonline/server/internal/npc/npc.go:171.12,173.3 1 1
github.com/juanrossi/hbonline/server/internal/npc/npc.go:174.2,174.12 1 1
github.com/juanrossi/hbonline/server/internal/npc/npc.go:174.12,176.3 1 1
github.com/juanrossi/hbonline/server/internal/npc/npc.go:177.2,177.13 1 1
github.com/juanrossi/hbonline/server/internal/npc/npc.go:177.13,179.3 1 1
github.com/juanrossi/hbonline/server/internal/npc/npc.go:180.2,180.11 1 1
github.com/juanrossi/hbonline/server/internal/npc/npc.go:184.43,189.12 3 1
github.com/juanrossi/hbonline/server/internal/npc/npc.go:189.12,191.3 1 1
github.com/juanrossi/hbonline/server/internal/npc/npc.go:191.8,191.19 1 1
github.com/juanrossi/hbonline/server/internal/npc/npc.go:191.19,193.3 1 1
github.com/juanrossi/hbonline/server/internal/npc/npc.go:194.2,194.12 1 1
github.com/juanrossi/hbonline/server/internal/npc/npc.go:194.12,196.3 1 1
github.com/juanrossi/hbonline/server/internal/npc/npc.go:196.8,196.19 1 1
github.com/juanrossi/hbonline/server/internal/npc/npc.go:196.19,198.3 1 1
github.com/juanrossi/hbonline/server/internal/npc/npc.go:202.2,202.9 1 1
github.com/juanrossi/hbonline/server/internal/npc/npc.go:203.27,204.11 1 1
github.com/juanrossi/hbonline/server/internal/npc/npc.go:205.27,206.11 1 1
github.com/juanrossi/hbonline/server/internal/npc/npc.go:207.26,208.11 1 1
github.com/juanrossi/hbonline/server/internal/npc/npc.go:209.26,210.11 1 1
github.com/juanrossi/hbonline/server/internal/npc/npc.go:211.26,212.11 1 1
github.com/juanrossi/hbonline/server/internal/npc/npc.go:213.27,214.11 1 1
github.com/juanrossi/hbonline/server/internal/npc/npc.go:215.27,216.11 1 1
github.com/juanrossi/hbonline/server/internal/npc/npc.go:217.28,218.11 1 1
github.com/juanrossi/hbonline/server/internal/npc/npc.go:219.10,220.21 1 0
github.com/juanrossi/hbonline/server/internal/player/player.go:68.83,110.20 5 1
github.com/juanrossi/hbonline/server/internal/player/player.go:110.20,112.3 1 1
github.com/juanrossi/hbonline/server/internal/player/player.go:113.2,113.20 1 1
github.com/juanrossi/hbonline/server/internal/player/player.go:113.20,115.3 1 1
github.com/juanrossi/hbonline/server/internal/player/player.go:116.2,116.20 1 1
github.com/juanrossi/hbonline/server/internal/player/player.go:116.20,118.3 1 1
github.com/juanrossi/hbonline/server/internal/player/player.go:120.2,120.10 1 1
github.com/juanrossi/hbonline/server/internal/player/player.go:123.50,153.2 1 1
github.com/juanrossi/hbonline/server/internal/player/player.go:155.48,172.2 1 1
github.com/juanrossi/hbonline/server/internal/player/player.go:174.52,186.2 1 1
github.com/juanrossi/hbonline/server/internal/player/player.go:188.36,189.21 1 0
github.com/juanrossi/hbonline/server/internal/player/player.go:189.21,191.3 1 0
github.com/juanrossi/hbonline/server/internal/player/player.go:195.44,196.44 1 1
github.com/juanrossi/hbonline/server/internal/player/player.go:196.44,198.18 2 1
github.com/juanrossi/hbonline/server/internal/player/player.go:198.18,200.4 1 1
github.com/juanrossi/hbonline/server/internal/player/player.go:201.3,202.17 2 1
github.com/juanrossi/hbonline/server/internal/player/player.go:202.17,204.4 1 0
github.com/juanrossi/hbonline/server/internal/player/player.go:205.3,205.23 1 1
github.com/juanrossi/hbonline/server/internal/player/player.go:207.2,213.35 7 1
github.com/juanrossi/hbonline/server/internal/player/player.go:217.58,220.47 2 1
github.com/juanrossi/hbonline/server/internal/player/player.go:220.47,222.18 2 1
github.com/juanrossi/hbonline/server/internal/player/player.go:222.18,223.12 1 1
github.com/juanrossi/hbonline/server/internal/player/player.go:225.3,226.17 2 1
github.com/juanrossi/hbonline/server/internal/player/player.go:226.17,227.12 1 0
github.com/juanrossi/hbonline/server/internal/player/player.go:229.3,236.5 1 1
github.com/juanrossi/hbonline/server/internal/player/player.go:239.2,239.44 1 1
github.com/juanrossi/hbonline/server/internal/player/player.go:239.44,241.18 2 1
github.com/juanrossi/hbonline/server/internal/player/player.go:241.18,242.12 1 1
github.com/juanrossi/hbonline/server/internal/player/player.go:244.3,245.17 2 1
github.com/juanrossi/hbonline/server/internal/player/player.go:245.17,246.12 1 0
github.com/juanrossi/hbonline/server/internal/player/player.go:248.3,255.5 1 1
github.com/juanrossi/hbonline/server/internal/player/player.go:258.2,258.15 1 1
github.com/juanrossi/hbonline/server/internal/player/player.go:262.61,263.48 1 1
github.com/juanrossi/hbonline/server/internal/player/player.go:263.48,265.3 1 1
github.com/juanrossi/hbonline/server/internal/player/player.go:266.2,266.42 1 1
github.com/juanrossi/hbonline/server/internal/player/player.go:266.42,268.3 1 0
github.com/juanrossi/hbonline/server/internal/player/player.go:269.2,269.42 1 1
github.com/juanrossi/hbonline/server/internal/player/player.go:269.42,271.3 1 0
github.com/juanrossi/hbonline/server/internal/player/player.go:272.2,272.42 1 1
github.com/juanrossi/hbonline/server/internal/player/player.go:272.42,274.3 1 0
github.com/juanrossi/hbonline/server/internal/player/player.go:275.2,275.42 1 1
github.com/juanrossi/hbonline/server/internal/player/player.go:275.42,277.3 1 0
github.com/juanrossi/hbonline/server/internal/player/player.go:278.2,278.13 1 1
github.com/juanrossi/hbonline/server/internal/items/inventory.go:17.32,19.2 1 1
github.com/juanrossi/hbonline/server/internal/items/inventory.go:22.47,24.16 2 1
github.com/juanrossi/hbonline/server/internal/items/inventory.go:24.16,26.3 1 0
github.com/juanrossi/hbonline/server/internal/items/inventory.go:29.2,29.22 1 1
github.com/juanrossi/hbonline/server/internal/items/inventory.go:29.22,30.42 1 1
github.com/juanrossi/hbonline/server/internal/items/inventory.go:30.42,31.63 1 1
github.com/juanrossi/hbonline/server/internal/items/inventory.go:31.63,33.28 2 1
github.com/juanrossi/hbonline/server/internal/items/inventory.go:33.28,36.6 2 1
github.com/juanrossi/hbonline/server/internal/items/inventory.go:36.11,36.25 1 1
github.com/juanrossi/hbonline/server/internal/items/inventory.go:36.25,40.6 2 1
github.com/juanrossi/hbonline/server/internal/items/inventory.go:46.2,46.41 1 1
github.com/juanrossi/hbonline/server/internal/items/inventory.go:46.41,47.26 1 1
github.com/juanrossi/hbonline/server/internal/items/inventory.go:47.26,50.4 2 1
github.com/juanrossi/hbonline/server/internal/items/inventory.go:53.2,53.11 1 1
github.com/juanrossi/hbonline/server/internal/items/inventory.go:57.60,58.69 1 1
github.com/juanrossi/hbonline/server/internal/items/inventory.go:58.69,60.3 1 1
github.com/juanrossi/hbonline/server/internal/items/inventory.go:61.2,61.35 1 1
github.com/juanrossi/hbonline/server/internal/items/inventory.go:61.35,63.3 1 1
github.com/juanrossi/hbonline/server/internal/items/inventory.go:64.2,65.32 2 1
github.com/juanrossi/hbonline/server/internal/items/inventory.go:65.32,67.3 1 1
github.com/juanrossi/hbonline/server/internal/items/inventory.go:68.2,68.13 1 1
github.com/juanrossi/hbonline/server/internal/items/inventory.go:72.47,73.43 1 1
github.com/juanrossi/hbonline/server/internal/items/inventory.go:73.43,75.3 1 0
github.com/juanrossi/hbonline/server/internal/items/inventory.go:76.2,76.24 1 1
github.com/juanrossi/hbonline/server/internal/items/inventory.go:80.57,81.48 1 1
github.com/juanrossi/hbonline/server/internal/items/inventory.go:81.48,83.3 1 0
github.com/juanrossi/hbonline/server/internal/items/inventory.go:84.2,84.28 1 1
github.com/juanrossi/hbonline/server/internal/items/inventory.go:88.48,90.17 2 1
github.com/juanrossi/hbonline/server/internal/items/inventory.go:90.17,92.3 1 0
github.com/juanrossi/hbonline/server/internal/items/inventory.go:93.2,94.16 2 1
github.com/juanrossi/hbonline/server/internal/items/inventory.go:94.16,96.3 1 0
github.com/juanrossi/hbonline/server/internal/items/inventory.go:97.2,97.32 1 1
github.com/juanrossi/hbonline/server/internal/items/inventory.go:97.32,99.3 1 1
github.com/juanrossi/hbonline/server/internal/items/inventory.go:101.2,104.34 2 1
github.com/juanrossi/hbonline/server/internal/items/inventory.go:104.34,108.3 3 1
github.com/juanrossi/hbonline/server/internal/items/inventory.go:108.8,111.3 2 1
github.com/juanrossi/hbonline/server/internal/items/inventory.go:113.2,113.12 1 1
github.com/juanrossi/hbonline/server/internal/items/inventory.go:117.55,118.52 1 1
github.com/juanrossi/hbonline/server/internal/items/inventory.go:118.52,120.3 1 0
github.com/juanrossi/hbonline/server/internal/items/inventory.go:121.2,122.17 2 1
github.com/juanrossi/hbonline/server/internal/items/inventory.go:122.17,124.3 1 0
github.com/juanrossi/hbonline/server/internal/items/inventory.go:126.2,127.14 2 1
github.com/juanrossi/hbonline/server/internal/items/inventory.go:127.14,129.3 1 1
github.com/juanrossi/hbonline/server/internal/items/inventory.go:130.2,131.12 2 1
github.com/juanrossi/hbonline/server/internal/items/inventory.go:135.39,136.41 1 1
github.com/juanrossi/hbonline/server/internal/items/inventory.go:136.41,137.26 1 1
github.com/juanrossi/hbonline/server/internal/items/inventory.go:137.26,139.4 1 1
github.com/juanrossi/hbonline/server/internal/items/inventory.go:141.2,141.14 1 1
github.com/juanrossi/hbonline/server/internal/items/inventory.go:145.49,147.41 2 1
github.com/juanrossi/hbonline/server/internal/items/inventory.go:147.41,148.58 1 1
github.com/juanrossi/hbonline/server/internal/items/inventory.go:148.58,150.4 1 1
github.com/juanrossi/hbonline/server/internal/items/inventory.go:152.2,152.14 1 1
github.com/juanrossi/hbonline/server/internal/items/inventory.go:156.42,158.38 2 1
github.com/juanrossi/hbonline/server/internal/items/inventory.go:158.38,159.30 1 1
github.com/juanrossi/hbonline/server/internal/items/inventory.go:159.30,161.18 2 1
github.com/juanrossi/hbonline/server/internal/items/inventory.go:161.18,163.5 1 1
github.com/juanrossi/hbonline/server/internal/items/inventory.go:166.2,166.14 1 1
github.com/juanrossi/hbonline/server/internal/items/inventory.go:170.49,172.19 2 1
github.com/juanrossi/hbonline/server/internal/items/inventory.go:172.19,174.3 1 1
github.com/juanrossi/hbonline/server/internal/items/inventory.go:175.2,176.16 2 1
github.com/juanrossi/hbonline/server/internal/items/inventory.go:176.16,178.3 1 0
github.com/juanrossi/hbonline/server/internal/items/inventory.go:179.2,179.37 1 1
github.com/juanrossi/hbonline/server/internal/items/inventory.go:183.39,185.44 2 1
github.com/juanrossi/hbonline/server/internal/items/inventory.go:185.44,187.29 2 1
github.com/juanrossi/hbonline/server/internal/items/inventory.go:187.29,189.4 1 1
github.com/juanrossi/hbonline/server/internal/items/inventory.go:194.38,196.34 2 0
github.com/juanrossi/hbonline/server/internal/items/inventory.go:196.34,197.71 1 0
github.com/juanrossi/hbonline/server/internal/items/inventory.go:197.71,199.43 2 0
github.com/juanrossi/hbonline/server/internal/items/inventory.go:199.43,201.5 1 0
github.com/juanrossi/hbonline/server/internal/items/inventory.go:202.4,202.10 1 0
github.com/juanrossi/hbonline/server/internal/items/item.go:76.45,82.2 1 1
github.com/juanrossi/hbonline/server/internal/items/item.go:85.32,87.2 1 1
github.com/juanrossi/hbonline/server/internal/items/item.go:90.36,93.2 2 1
github.com/juanrossi/hbonline/server/internal/items/item.go:108.34,110.2 1 1
github.com/juanrossi/hbonline/server/internal/items/item.go:112.13,229.2 29 1
github.com/juanrossi/hbonline/server/internal/items/loot.go:47.38,49.9 2 1
github.com/juanrossi/hbonline/server/internal/items/loot.go:49.9,51.3 1 1
github.com/juanrossi/hbonline/server/internal/items/loot.go:53.2,54.32 2 1
github.com/juanrossi/hbonline/server/internal/items/loot.go:54.32,55.40 1 1
github.com/juanrossi/hbonline/server/internal/items/loot.go:55.40,57.18 2 1
github.com/juanrossi/hbonline/server/internal/items/loot.go:57.18,58.13 1 0
github.com/juanrossi/hbonline/server/internal/items/loot.go:60.4,61.39 2 1
github.com/juanrossi/hbonline/server/internal/items/loot.go:61.39,63.5 1 0
github.com/juanrossi/hbonline/server/internal/items/loot.go:64.4,64.46 1 1
github.com/juanrossi/hbonline/server/internal/items/loot.go:67.2,67.14 1 1
